<?xml version="1.0" encoding="UTF-8"?>
<testng-results ignored="0" total="2" passed="2" failed="0" skipped="0">
  <reporter-output>
  </reporter-output>
  <suite started-at="2024-02-13T13:59:42 IST" name="Suite1" finished-at="2024-02-13T13:59:42 IST" duration-ms="51">
    <groups>
    </groups>
    <test started-at="2024-02-13T13:59:42 IST" name="Test1" finished-at="2024-02-13T13:59:42 IST" duration-ms="51">
      <class name="MainTest">
        <test-method signature="FirstTest()[pri:0, instance:MainTest@25359ed8]" started-at="2024-02-13T13:59:42 IST" name="FirstTest" finished-at="2024-02-13T13:59:42 IST" duration-ms="4" status="PASS">
          <reporter-output>
          </reporter-output>
        </test-method> <!-- FirstTest -->
        <test-method signature="SecondTest()[pri:0, instance:MainTest@25359ed8]" started-at="2024-02-13T13:59:42 IST" name="SecondTest" finished-at="2024-02-13T13:59:42 IST" duration-ms="0" status="PASS">
          <reporter-output>
          </reporter-output>
        </test-method> <!-- SecondTest -->
      </class> <!-- MainTest -->
    </test> <!-- Test1 -->
  </suite> <!-- Suite1 -->
</testng-results>
